<?xml version="1.0" encoding="UTF-8"?>
<testng-results ignored="0" total="1" passed="1" failed="0" skipped="0">
  <reporter-output>
  </reporter-output>
  <suite started-at="2024-02-15T18:30:25 IST" name="ProductsPageTestSuite" finished-at="2024-02-15T18:30:33 IST" duration-ms="7710">
    <groups>
    </groups>
    <test started-at="2024-02-15T18:30:25 IST" name="ProductsPageTest" finished-at="2024-02-15T18:30:33 IST" duration-ms="7710">
      <class name="testcases.ProductsPageTest">
        <test-method is-config="true" signature="loadPropertiesFile()[pri:0, instance:testcases.ProductsPageTest@55b699ef]" started-at="2024-02-15T18:30:25 IST" name="loadPropertiesFile" finished-at="2024-02-15T18:30:25 IST" duration-ms="12" status="PASS">
          <reporter-output>
          </reporter-output>
        </test-method> <!-- loadPropertiesFile -->
        <test-method is-config="true" signature="setup(java.lang.String)[pri:0, instance:testcases.ProductsPageTest@55b699ef]" started-at="2024-02-15T18:30:25 IST" name="setup" finished-at="2024-02-15T18:30:32 IST" duration-ms="6632" status="PASS">
          <params>
            <param index="0">
              <value>
                <![CDATA[chrome]]>
              </value>
            </param>
          </params>
          <reporter-output>
          </reporter-output>
        </test-method> <!-- setup -->
        <test-method signature="testProductsPagetoProductPageNav(java.lang.String)[pri:0, instance:testcases.ProductsPageTest@55b699ef]" started-at="2024-02-15T18:30:32 IST" name="testProductsPagetoProductPageNav" finished-at="2024-02-15T18:30:32 IST" duration-ms="706" status="PASS">
          <params>
            <param index="0">
              <value>
                <![CDATA[Sauce Labs Bike Light]]>
              </value>
            </param>
          </params>
          <reporter-output>
          </reporter-output>
        </test-method> <!-- testProductsPagetoProductPageNav -->
        <test-method is-config="true" signature="tearDown()[pri:0, instance:testcases.ProductsPageTest@55b699ef]" started-at="2024-02-15T18:30:32 IST" name="tearDown" finished-at="2024-02-15T18:30:33 IST" duration-ms="326" status="PASS">
          <reporter-output>
          </reporter-output>
        </test-method> <!-- tearDown -->
      </class> <!-- testcases.ProductsPageTest -->
    </test> <!-- ProductsPageTest -->
  </suite> <!-- ProductsPageTestSuite -->
</testng-results>
